Dec 16, 2018 3:48:53 PM org.apache.catalina.startup.VersionLoggerListener log
INFO: Server version:        Apache Tomcat (TomEE)/7.0.81 (1.7.5)
Dec 16, 2018 3:48:53 PM org.apache.catalina.startup.VersionLoggerListener log
INFO: Server built:          Aug 11 2017 10:21:27 UTC
Dec 16, 2018 3:48:53 PM org.apache.catalina.startup.VersionLoggerListener log
INFO: Server number:         7.0.81.0
Dec 16, 2018 3:48:53 PM org.apache.catalina.startup.VersionLoggerListener log
INFO: OS Name:               Windows 10
Dec 16, 2018 3:48:53 PM org.apache.catalina.startup.VersionLoggerListener log
INFO: OS Version:            10.0
Dec 16, 2018 3:48:53 PM org.apache.catalina.startup.VersionLoggerListener log
INFO: Architecture:          amd64
Dec 16, 2018 3:48:53 PM org.apache.catalina.startup.VersionLoggerListener log
INFO: Java Home:             C:\Program Files\Java\jdk1.8.0_191\jre
Dec 16, 2018 3:48:53 PM org.apache.catalina.startup.VersionLoggerListener log
INFO: JVM Version:           1.8.0_191-b12
Dec 16, 2018 3:48:53 PM org.apache.catalina.startup.VersionLoggerListener log
INFO: JVM Vendor:            Oracle Corporation
Dec 16, 2018 3:48:53 PM org.apache.catalina.startup.VersionLoggerListener log
INFO: CATALINA_BASE:         C:\Users\eyzretd\Documents\Documents\OpenSAP_S4\address-manager\application\target\apache-tomee
Dec 16, 2018 3:48:53 PM org.apache.catalina.startup.VersionLoggerListener log
INFO: CATALINA_HOME:         C:\Users\eyzretd\Documents\Documents\OpenSAP_S4\address-manager\application\target\apache-tomee
Dec 16, 2018 3:48:53 PM org.apache.catalina.startup.VersionLoggerListener log
INFO: Command line argument: -XX:+HeapDumpOnOutOfMemoryError
Dec 16, 2018 3:48:53 PM org.apache.catalina.startup.VersionLoggerListener log
INFO: Command line argument: -Dorg.apache.catalina.STRICT_SERVLET_COMPLIANCE=false
Dec 16, 2018 3:48:53 PM org.apache.catalina.startup.VersionLoggerListener log
INFO: Command line argument: -Dopenejb.session.manager=org.apache.tomee.catalina.session.QuickSessionManager
Dec 16, 2018 3:48:53 PM org.apache.catalina.startup.VersionLoggerListener log
INFO: Command line argument: -Dtomee.remote.support=true
Dec 16, 2018 3:48:53 PM org.apache.catalina.startup.VersionLoggerListener log
INFO: Command line argument: -Dopenejb.system.apps=false
Dec 16, 2018 3:48:53 PM org.apache.catalina.startup.VersionLoggerListener log
INFO: Command line argument: -Djava.util.logging.config.file=C:\Users\eyzretd\Documents\Documents\OpenSAP_S4\address-manager\application\target\apache-tomee\conf\logging.properties
Dec 16, 2018 3:48:53 PM org.apache.catalina.startup.VersionLoggerListener log
INFO: Command line argument: -javaagent:C:\Users\eyzretd\Documents\Documents\OpenSAP_S4\address-manager\application\target\apache-tomee\lib\openejb-javaagent.jar
Dec 16, 2018 3:48:53 PM org.apache.catalina.startup.VersionLoggerListener log
INFO: Command line argument: -Djava.util.logging.manager=org.apache.juli.ClassLoaderLogManager
Dec 16, 2018 3:48:53 PM org.apache.catalina.startup.VersionLoggerListener log
INFO: Command line argument: -Djava.io.tmpdir=C:\Users\eyzretd\Documents\Documents\OpenSAP_S4\address-manager\application\target\apache-tomee\temp
Dec 16, 2018 3:48:53 PM org.apache.catalina.startup.VersionLoggerListener log
INFO: Command line argument: -Djava.endorsed.dirs=C:\Users\eyzretd\Documents\Documents\OpenSAP_S4\address-manager\application\target\apache-tomee\endorsed
Dec 16, 2018 3:48:53 PM org.apache.catalina.startup.VersionLoggerListener log
INFO: Command line argument: -Dcatalina.base=C:\Users\eyzretd\Documents\Documents\OpenSAP_S4\address-manager\application\target\apache-tomee
Dec 16, 2018 3:48:53 PM org.apache.catalina.startup.VersionLoggerListener log
INFO: Command line argument: -Dcatalina.home=C:\Users\eyzretd\Documents\Documents\OpenSAP_S4\address-manager\application\target\apache-tomee
Dec 16, 2018 3:48:53 PM org.apache.catalina.startup.VersionLoggerListener log
INFO: Command line argument: -Dcatalina.ext.dirs=C:\Users\eyzretd\Documents\Documents\OpenSAP_S4\address-manager\application\target\apache-tomee\lib
Dec 16, 2018 3:48:53 PM org.apache.catalina.startup.VersionLoggerListener log
INFO: Command line argument: -Dorg.apache.tomcat.util.http.ServerCookie.ALLOW_HTTP_SEPARATORS_IN_V0=true
Dec 16, 2018 3:48:53 PM org.apache.catalina.startup.VersionLoggerListener log
INFO: Command line argument: -ea
Dec 16, 2018 3:48:53 PM org.apache.catalina.core.AprLifecycleListener lifecycleEvent
INFO: The APR based Apache Tomcat Native library which allows optimal performance in production environments was not found on the java.library.path: C:\Program Files\Java\jdk1.8.0_191\jre\bin;C:\WINDOWS\Sun\Java\bin;C:\WINDOWS\system32;C:\WINDOWS;C:\Program Files\Java\jdk1.8.0_191\bin;C:\Users\eyzretd\Documents\Documents\Jco;C:\Program Files (x86)\Common Files\Oracle\Java\javapath;C:\Program Files (x86)\RSA SecurID Token Common;C:\Program Files\RSA SecurID Token Common;C:\WINDOWS\system32;C:\WINDOWS;C:\WINDOWS\System32\Wbem;C:\WINDOWS\System32\WindowsPowerShell\v1.0\;C:\Program Files\Git\cmd;C:\apache-maven-3.6.0\bin;;C:\Program Files\Cloud Foundry;C:\Users\eyzretd\AppData\Local\Microsoft\WindowsApps;;.
Dec 16, 2018 3:48:53 PM org.apache.coyote.AbstractProtocol init
INFO: Initializing ProtocolHandler ["http-bio-8080"]
Dec 16, 2018 3:48:53 PM org.apache.coyote.AbstractProtocol init
INFO: Initializing ProtocolHandler ["ajp-bio-8009"]
Dec 16, 2018 3:48:54 PM org.apache.openejb.util.OptionsLog info
INFO: Using 'tomee.remote.support=true'
Dec 16, 2018 3:48:54 PM org.apache.openejb.util.OptionsLog info
INFO: Using 'openejb.jdbc.datasource-creator=org.apache.tomee.jdbc.TomEEDataSourceCreator'
Dec 16, 2018 3:48:54 PM org.apache.openejb.OpenEJB$Instance <init>
INFO: ********************************************************************************
Dec 16, 2018 3:48:54 PM org.apache.openejb.OpenEJB$Instance <init>
INFO: OpenEJB http://tomee.apache.org/
Dec 16, 2018 3:48:54 PM org.apache.openejb.OpenEJB$Instance <init>
INFO: Startup: Sun Dec 16 15:48:54 CST 2018
Dec 16, 2018 3:48:54 PM org.apache.openejb.OpenEJB$Instance <init>
INFO: Copyright 1999-2015 (C) Apache OpenEJB/TomEE Project, All Rights Reserved.
Dec 16, 2018 3:48:54 PM org.apache.openejb.OpenEJB$Instance <init>
INFO: Version: 4.7.5
Dec 16, 2018 3:48:54 PM org.apache.openejb.OpenEJB$Instance <init>
INFO: Build date: 20170927
Dec 16, 2018 3:48:54 PM org.apache.openejb.OpenEJB$Instance <init>
INFO: Build time: 12:02
Dec 16, 2018 3:48:54 PM org.apache.openejb.OpenEJB$Instance <init>
INFO: ********************************************************************************
Dec 16, 2018 3:48:54 PM org.apache.openejb.OpenEJB$Instance <init>
INFO: openejb.home = C:\Users\eyzretd\Documents\Documents\OpenSAP_S4\address-manager\application\target\apache-tomee
Dec 16, 2018 3:48:54 PM org.apache.openejb.OpenEJB$Instance <init>
INFO: openejb.base = C:\Users\eyzretd\Documents\Documents\OpenSAP_S4\address-manager\application\target\apache-tomee
Dec 16, 2018 3:48:54 PM org.apache.openejb.cdi.CdiBuilder initializeOWB
INFO: Created new singletonService org.apache.openejb.cdi.ThreadSingletonServiceImpl@51b279c9
Dec 16, 2018 3:48:54 PM org.apache.openejb.cdi.CdiBuilder initializeOWB
INFO: Succeeded in installing singleton service
Dec 16, 2018 3:48:54 PM org.apache.openejb.config.ConfigurationFactory init
INFO: openejb configuration file is 'C:\Users\eyzretd\Documents\Documents\OpenSAP_S4\address-manager\application\target\apache-tomee\conf\tomee.xml'
Dec 16, 2018 3:48:54 PM org.apache.openejb.config.ConfigurationFactory configureService
INFO: Configuring Service(id=Tomcat Security Service, type=SecurityService, provider-id=Tomcat Security Service)
Dec 16, 2018 3:48:54 PM org.apache.openejb.config.ConfigurationFactory configureService
INFO: Configuring Service(id=Default Transaction Manager, type=TransactionManager, provider-id=Default Transaction Manager)
Dec 16, 2018 3:48:54 PM org.apache.openejb.util.OptionsLog info
INFO: Using 'openejb.system.apps=false'
Dec 16, 2018 3:48:54 PM org.apache.openejb.util.OptionsLog info
INFO: Using 'openejb.deployments.classpath=false'
Dec 16, 2018 3:48:54 PM org.apache.openejb.assembler.classic.Assembler createRecipe
INFO: Creating TransactionManager(id=Default Transaction Manager)
Dec 16, 2018 3:48:54 PM org.apache.openejb.assembler.classic.Assembler createRecipe
INFO: Creating SecurityService(id=Tomcat Security Service)
Dec 16, 2018 3:48:55 PM org.apache.openejb.server.ServiceManager initServer
INFO: Creating ServerService(id=cxf-rs)
Dec 16, 2018 3:48:55 PM org.apache.openejb.server.SimpleServiceManager start
INFO:   ** Bound Services **
Dec 16, 2018 3:48:55 PM org.apache.openejb.server.SimpleServiceManager printRow
INFO:   NAME                 IP              PORT  
Dec 16, 2018 3:48:55 PM org.apache.openejb.server.SimpleServiceManager start
INFO: -------
Dec 16, 2018 3:48:55 PM org.apache.openejb.server.SimpleServiceManager start
INFO: Ready!
Dec 16, 2018 3:48:55 PM org.apache.catalina.startup.Catalina load
INFO: Initialization processed in 2807 ms
Dec 16, 2018 3:48:55 PM org.apache.tomee.catalina.OpenEJBNamingContextListener bindResource
INFO: Importing a Tomcat Resource with id 'UserDatabase' of type 'org.apache.catalina.UserDatabase'.
Dec 16, 2018 3:48:55 PM org.apache.openejb.assembler.classic.Assembler createRecipe
INFO: Creating Resource(id=UserDatabase)
Dec 16, 2018 3:48:55 PM org.apache.catalina.core.StandardService startInternal
INFO: Starting service Catalina
Dec 16, 2018 3:48:55 PM org.apache.catalina.core.StandardEngine startInternal
INFO: Starting Servlet Engine: Apache Tomcat (TomEE)/7.0.81 (1.7.5)
Dec 16, 2018 3:48:55 PM org.apache.catalina.startup.HostConfig deployWAR
INFO: Deploying web application archive C:\Users\eyzretd\Documents\Documents\OpenSAP_S4\address-manager\application\target\apache-tomee\webapps\ROOT.war
Dec 16, 2018 3:48:55 PM org.apache.tomee.catalina.TomcatWebAppBuilder init
INFO: ------------------------- localhost -> /
Dec 16, 2018 3:48:55 PM org.apache.openejb.util.JarExtractor extract
INFO: Extracting jar: C:\Users\eyzretd\Documents\Documents\OpenSAP_S4\address-manager\application\target\apache-tomee\webapps\ROOT.war
Dec 16, 2018 3:48:56 PM org.apache.openejb.util.JarExtractor extract
INFO: Extracted path: C:\Users\eyzretd\Documents\Documents\OpenSAP_S4\address-manager\application\target\apache-tomee\webapps\ROOT
Dec 16, 2018 3:48:56 PM org.apache.openejb.util.OptionsLog info
INFO: Using 'openejb.session.manager=org.apache.tomee.catalina.session.QuickSessionManager'
Dec 16, 2018 3:48:59 PM org.apache.openejb.config.ConfigurationFactory configureApplication
INFO: Configuring enterprise application: C:\Users\eyzretd\Documents\Documents\OpenSAP_S4\address-manager\application\target\apache-tomee\webapps\ROOT
Dec 16, 2018 3:48:59 PM org.apache.openejb.config.ConfigurationFactory configureService
INFO: Configuring Service(id=Default Managed Container, type=Container, provider-id=Default Managed Container)
Dec 16, 2018 3:48:59 PM org.apache.openejb.config.AutoConfig createContainer
INFO: Auto-creating a container for bean .Comp1146333490: Container(type=MANAGED, id=Default Managed Container)
Dec 16, 2018 3:48:59 PM org.apache.openejb.assembler.classic.Assembler createRecipe
INFO: Creating Container(id=Default Managed Container)
Dec 16, 2018 3:48:59 PM org.apache.openejb.core.managed.SimplePassivater init
INFO: Using directory C:\Users\eyzretd\Documents\Documents\OpenSAP_S4\address-manager\application\target\apache-tomee\temp for stateful session passivation
Dec 16, 2018 3:48:59 PM org.apache.openejb.config.AppInfoBuilder build
INFO: Enterprise application "C:\Users\eyzretd\Documents\Documents\OpenSAP_S4\address-manager\application\target\apache-tomee\webapps\ROOT" loaded.
Dec 16, 2018 3:48:59 PM org.apache.openejb.assembler.classic.Assembler createApplication
INFO: Assembling app: C:\Users\eyzretd\Documents\Documents\OpenSAP_S4\address-manager\application\target\apache-tomee\webapps\ROOT
Dec 16, 2018 3:49:00 PM org.apache.openejb.cdi.CdiBuilder initSingleton
INFO: Existing thread singleton service in SystemInstance(): org.apache.openejb.cdi.ThreadSingletonServiceImpl@51b279c9
Dec 16, 2018 3:49:00 PM org.apache.openejb.cdi.OpenEJBLifecycle startApplication
INFO: OpenWebBeans Container is starting...
Dec 16, 2018 3:49:00 PM org.apache.webbeans.plugins.PluginLoader startUp
INFO: Adding OpenWebBeansPlugin : [CdiPlugin]
Dec 16, 2018 3:49:00 PM org.apache.webbeans.plugins.PluginLoader startUp
INFO: Adding OpenWebBeansPlugin : [OpenWebBeansJsfPlugin]
Dec 16, 2018 3:49:09 PM org.apache.webbeans.config.BeansDeployer deploySingleAnnotatedType
INFO: Skipping deployment of Class class com.sap.cloud.sdk.cloudplatform.auditlog.ScpCfAuditLogdue to a NoClassDefFoundError: com/sap/xs/audit/api/exception/AuditLogNotAvailableException
Dec 16, 2018 3:49:09 PM org.apache.webbeans.config.BeansDeployer validateInjectionPoints
INFO: All injection points were validated successfully.
Dec 16, 2018 3:49:09 PM org.apache.openejb.cdi.OpenEJBLifecycle startApplication
INFO: OpenWebBeans Container has started, it took 9719 ms.
Dec 16, 2018 3:49:10 PM org.apache.openejb.assembler.classic.Assembler createApplication
INFO: Deployed Application(path=C:\Users\eyzretd\Documents\Documents\OpenSAP_S4\address-manager\application\target\apache-tomee\webapps\ROOT)
Dec 16, 2018 3:49:11 PM org.apache.catalina.startup.HostConfig deployWAR
INFO: Deployment of web application archive C:\Users\eyzretd\Documents\Documents\OpenSAP_S4\address-manager\application\target\apache-tomee\webapps\ROOT.war has finished in 16,435 ms
Dec 16, 2018 3:49:12 PM org.apache.coyote.AbstractProtocol start
INFO: Starting ProtocolHandler ["http-bio-8080"]
Dec 16, 2018 3:49:12 PM org.apache.coyote.AbstractProtocol start
INFO: Starting ProtocolHandler ["ajp-bio-8009"]
Dec 16, 2018 3:49:12 PM org.apache.catalina.startup.Catalina start
INFO: Server startup in 16724 ms
Dec 16, 2018 3:55:21 PM org.apache.catalina.core.StandardServer await
INFO: A valid shutdown command was received via the shutdown port. Stopping the Server instance.
Dec 16, 2018 3:55:21 PM org.apache.coyote.AbstractProtocol pause
INFO: Pausing ProtocolHandler ["http-bio-8080"]
Dec 16, 2018 3:55:21 PM org.apache.coyote.AbstractProtocol pause
INFO: Pausing ProtocolHandler ["ajp-bio-8009"]
Dec 16, 2018 3:55:21 PM org.apache.catalina.core.StandardService stopInternal
INFO: Stopping service Catalina
Dec 16, 2018 3:55:21 PM org.apache.openejb.assembler.classic.Assembler destroyApplication
INFO: Undeploying app: C:\Users\eyzretd\Documents\Documents\OpenSAP_S4\address-manager\application\target\apache-tomee\webapps\ROOT
Dec 16, 2018 3:55:22 PM org.apache.openejb.util.OptionsLog info
INFO: Using 'openjpa.Log=org.apache.openejb.openjpa.JULOpenJPALogFactory'
Dec 16, 2018 3:55:22 PM org.apache.openejb.assembler.classic.Assembler destroyApplication
INFO: Undeployed app: C:\Users\eyzretd\Documents\Documents\OpenSAP_S4\address-manager\application\target\apache-tomee\webapps\ROOT
Dec 16, 2018 3:55:22 PM org.apache.catalina.loader.WebappClassLoaderBase checkThreadLocalMapForLeaks
SEVERE: The web application [] created a ThreadLocal with key of type [java.lang.ThreadLocal] (value [java.lang.ThreadLocal@4e82fc9e]) and a value of type [com.netflix.hystrix.strategy.concurrency.HystrixRequestContext] (value [com.netflix.hystrix.strategy.concurrency.HystrixRequestContext@26b3dac8]) but failed to remove it when the web application was stopped. Threads are going to be renewed over time to try and avoid a probable memory leak.
Dec 16, 2018 3:55:22 PM org.apache.catalina.loader.WebappClassLoaderBase checkThreadLocalMapForLeaks
SEVERE: The web application [] created a ThreadLocal with key of type [java.lang.ThreadLocal] (value [java.lang.ThreadLocal@4e82fc9e]) and a value of type [com.netflix.hystrix.strategy.concurrency.HystrixRequestContext] (value [com.netflix.hystrix.strategy.concurrency.HystrixRequestContext@54413760]) but failed to remove it when the web application was stopped. Threads are going to be renewed over time to try and avoid a probable memory leak.
Dec 16, 2018 3:55:22 PM org.apache.catalina.loader.WebappClassLoaderBase checkThreadLocalMapForLeaks
SEVERE: The web application [] created a ThreadLocal with key of type [com.netflix.hystrix.Hystrix$1] (value [com.netflix.hystrix.Hystrix$1@dfe477a]) and a value of type [com.netflix.hystrix.Hystrix.ConcurrentStack] (value [com.netflix.hystrix.Hystrix$ConcurrentStack@3523b997]) but failed to remove it when the web application was stopped. Threads are going to be renewed over time to try and avoid a probable memory leak.
Dec 16, 2018 3:55:22 PM org.apache.coyote.AbstractProtocol stop
INFO: Stopping ProtocolHandler ["http-bio-8080"]
Dec 16, 2018 3:55:22 PM org.apache.coyote.AbstractProtocol stop
INFO: Stopping ProtocolHandler ["ajp-bio-8009"]
Dec 16, 2018 3:55:22 PM org.apache.openejb.server.SimpleServiceManager stop
INFO: Stopping server services
Dec 16, 2018 3:55:22 PM org.apache.coyote.AbstractProtocol destroy
INFO: Destroying ProtocolHandler ["http-bio-8080"]
Dec 16, 2018 3:55:22 PM org.apache.coyote.AbstractProtocol destroy
INFO: Destroying ProtocolHandler ["ajp-bio-8009"]
